2022-05-24 13:47:07.484 DEBUG 3192 --- [main] o.s.b.f.s.DefaultListableBeanFactory     : Creating shared instance of singleton bean 'servletWebServerFactoryCustomizer'
2022-05-24 13:47:07.486 DEBUG 3192 --- [main] o.s.b.f.s.DefaultListableBeanFactory     : Creating shared instance of singleton bean 'org.springframework.boot.autoconfigure.web.servlet.ServletWebServerFactoryAutoConfiguration'
2022-05-24 13:47:07.489 DEBUG 3192 --- [main] o.s.b.f.s.DefaultListableBeanFactory     : Creating shared instance of singleton bean 'server-org.springframework.boot.autoconfigure.web.ServerProperties'
2022-05-24 13:47:07.495 DEBUG 3192 --- [main] o.s.b.f.s.DefaultListableBeanFactory     : Creating shared instance of singleton bean 'org.springframework.boot.context.properties.BoundConfigurationProperties'
2022-05-24 13:47:07.512 DEBUG 3192 --- [main] o.s.b.f.s.DefaultListableBeanFactory     : Autowiring by type from bean name 'servletWebServerFactoryCustomizer' via factory method to bean named 'server-org.springframework.boot.autoconfigure.web.ServerProperties'
2022-05-24 13:47:07.513 DEBUG 3192 --- [main] o.s.b.f.s.DefaultListableBeanFactory     : Creating shared instance of singleton bean 'tomcatServletWebServerFactoryCustomizer'
2022-05-24 13:47:07.513 DEBUG 3192 --- [main] o.s.b.f.s.DefaultListableBeanFactory     : Autowiring by type from bean name 'tomcatServletWebServerFactoryCustomizer' via factory method to bean named 'server-org.springframework.boot.autoconfigure.web.ServerProperties'
2022-05-24 13:47:07.513 DEBUG 3192 --- [main] o.s.b.f.s.DefaultListableBeanFactory     : Creating shared instance of singleton bean 'tomcatWebServerFactoryCustomizer'
2022-05-24 13:47:07.513 DEBUG 3192 --- [main] o.s.b.f.s.DefaultListableBeanFactory     : Creating shared instance of singleton bean 'org.springframework.boot.autoconfigure.web.embedded.EmbeddedWebServerFactoryCustomizerAutoConfiguration$TomcatWebServerFactoryCustomizerConfiguration'
2022-05-24 13:47:07.514 DEBUG 3192 --- [main] o.s.b.f.s.DefaultListableBeanFactory     : Autowiring by type from bean name 'tomcatWebServerFactoryCustomizer' via factory method to bean named 'environment'
2022-05-24 13:47:07.514 DEBUG 3192 --- [main] o.s.b.f.s.DefaultListableBeanFactory     : Autowiring by type from bean name 'tomcatWebServerFactoryCustomizer' via factory method to bean named 'server-org.springframework.boot.autoconfigure.web.ServerProperties'
2022-05-24 13:47:07.515 DEBUG 3192 --- [main] o.s.b.f.s.DefaultListableBeanFactory     : Creating shared instance of singleton bean 'localeCharsetMappingsCustomizer'
2022-05-24 13:47:07.516 DEBUG 3192 --- [main] o.s.b.f.s.DefaultListableBeanFactory     : Creating shared instance of singleton bean 'org.springframework.boot.autoconfigure.web.servlet.HttpEncodingAutoConfiguration'
2022-05-24 13:47:07.517 DEBUG 3192 --- [main] o.s.b.f.s.DefaultListableBeanFactory     : Autowiring by type from bean name 'org.springframework.boot.autoconfigure.web.servlet.HttpEncodingAutoConfiguration' via constructor to bean named 'server-org.springframework.boot.autoconfigure.web.ServerProperties'
2022-05-24 13:47:07.537 DEBUG 3192 --- [main] o.s.b.f.s.DefaultListableBeanFactory     : Creating shared instance of singleton bean 'errorPageCustomizer'
2022-05-24 13:47:07.538 DEBUG 3192 --- [main] o.s.b.f.s.DefaultListableBeanFactory     : Creating shared instance of singleton bean 'org.springframework.boot.autoconfigure.web.servlet.error.ErrorMvcAutoConfiguration'
2022-05-24 13:47:07.538 DEBUG 3192 --- [main] o.s.b.f.s.DefaultListableBeanFactory     : Autowiring by type from bean name 'org.springframework.boot.autoconfigure.web.servlet.error.ErrorMvcAutoConfiguration' via constructor to bean named 'server-org.springframework.boot.autoconfigure.web.ServerProperties'
2022-05-24 13:47:07.539 DEBUG 3192 --- [main] o.s.b.f.s.DefaultListableBeanFactory     : Creating shared instance of singleton bean 'dispatcherServletRegistration'
2022-05-24 13:47:07.539 DEBUG 3192 --- [main] o.s.b.f.s.DefaultListableBeanFactory     : Creating shared instance of singleton bean 'org.springframework.boot.autoconfigure.web.servlet.DispatcherServletAutoConfiguration$DispatcherServletRegistrationConfiguration'
2022-05-24 13:47:07.540 DEBUG 3192 --- [main] o.s.b.f.s.DefaultListableBeanFactory     : Creating shared instance of singleton bean 'dispatcherServlet'
2022-05-24 13:47:07.540 DEBUG 3192 --- [main] o.s.b.f.s.DefaultListableBeanFactory     : Creating shared instance of singleton bean 'org.springframework.boot.autoconfigure.web.servlet.DispatcherServletAutoConfiguration$DispatcherServletConfiguration'
2022-05-24 13:47:07.541 DEBUG 3192 --- [main] o.s.b.f.s.DefaultListableBeanFactory     : Creating shared instance of singleton bean 'spring.mvc-org.springframework.boot.autoconfigure.web.servlet.WebMvcProperties'
2022-05-24 13:47:07.545 DEBUG 3192 --- [main] o.s.b.f.s.DefaultListableBeanFactory     : Autowiring by type from bean name 'dispatcherServlet' via factory method to bean named 'spring.mvc-org.springframework.boot.autoconfigure.web.servlet.WebMvcProperties'
2022-05-24 13:47:07.553 DEBUG 3192 --- [main] o.s.b.f.s.DefaultListableBeanFactory     : Autowiring by type from bean name 'dispatcherServletRegistration' via factory method to bean named 'dispatcherServlet'
2022-05-24 13:47:07.553 DEBUG 3192 --- [main] o.s.b.f.s.DefaultListableBeanFactory     : Autowiring by type from bean name 'dispatcherServletRegistration' via factory method to bean named 'spring.mvc-org.springframework.boot.autoconfigure.web.servlet.WebMvcProperties'
2022-05-24 13:47:07.554 DEBUG 3192 --- [main] o.s.b.f.s.DefaultListableBeanFactory     : Creating shared instance of singleton bean 'multipartConfigElement'
2022-05-24 13:47:07.555 DEBUG 3192 --- [main] o.s.b.f.s.DefaultListableBeanFactory     : Creating shared instance of singleton bean 'org.springframework.boot.autoconfigure.web.servlet.MultipartAutoConfiguration'
2022-05-24 13:47:07.555 DEBUG 3192 --- [main] o.s.b.f.s.DefaultListableBeanFactory     : Creating shared instance of singleton bean 'spring.servlet.multipart-org.springframework.boot.autoconfigure.web.servlet.MultipartProperties'
2022-05-24 13:47:07.558 DEBUG 3192 --- [main] o.s.b.f.s.DefaultListableBeanFactory     : Autowiring by type from bean name 'org.springframework.boot.autoconfigure.web.servlet.MultipartAutoConfiguration' via constructor to bean named 'spring.servlet.multipart-org.springframework.boot.autoconfigure.web.servlet.MultipartProperties'
2022-05-24 13:47:07.562 DEBUG 3192 --- [main] o.s.b.f.s.DefaultListableBeanFactory     : Autowiring by type from bean name 'errorPageCustomizer' via factory method to bean named 'dispatcherServletRegistration'
2022-05-24 13:47:07.599 DEBUG 3192 --- [main] o.apache.tomcat.util.IntrospectionUtils  : IntrospectionUtils: setProperty(class org.apache.coyote.http11.Http11NioProtocol port=8080)
2022-05-24 13:47:07.605 DEBUG 3192 --- [main] o.apache.tomcat.util.IntrospectionUtils  : IntrospectionUtils: setProperty(class org.apache.coyote.http11.Http11NioProtocol bindOnInit=false)
2022-05-24 13:47:07.605 DEBUG 3192 --- [main] o.apache.tomcat.util.IntrospectionUtils  : IntrospectionUtils: setProperty(class org.apache.tomcat.util.net.NioEndpoint bindOnInit=false)
2022-05-24 13:47:07.607 DEBUG 3192 --- [main] o.apache.tomcat.util.IntrospectionUtils  : IntrospectionUtils: setProperty(class org.apache.coyote.http11.Http11NioProtocol maxPostSize=2097152)
2022-05-24 13:47:07.607 DEBUG 3192 --- [main] o.apache.tomcat.util.IntrospectionUtils  : IntrospectionUtils: setProperty(class org.apache.tomcat.util.net.NioEndpoint maxPostSize=2097152)
2022-05-24 13:47:07.617 DEBUG 3192 --- [main] org.apache.catalina.core.ContainerBase   : Add child StandardHost[localhost] StandardEngine[Tomcat]
2022-05-24 13:47:07.618 DEBUG 3192 --- [main] .s.b.w.e.t.TomcatServletWebServerFactory : Code archive: C:\Users\mao\.m2\repository\org\springframework\boot\spring-boot\2.7.0\spring-boot-2.7.0.jar
2022-05-24 13:47:07.618 DEBUG 3192 --- [main] .s.b.w.e.t.TomcatServletWebServerFactory : Code archive: C:\Users\mao\.m2\repository\org\springframework\boot\spring-boot\2.7.0\spring-boot-2.7.0.jar
2022-05-24 13:47:07.618 DEBUG 3192 --- [main] .s.b.w.e.t.TomcatServletWebServerFactory : None of the document roots [src/main/webapp, public, static] point to a directory and will be ignored.
2022-05-24 13:47:07.631 DEBUG 3192 --- [main] org.apache.catalina.core.ContainerBase   : Add child TomcatEmbeddedContext[] StandardEngine[Tomcat].StandardHost[localhost]
2022-05-24 13:47:07.633  INFO 3192 --- [main] o.s.b.w.embedded.tomcat.TomcatWebServer  : Tomcat initialized with port(s): 8080 (http)
2022-05-24 13:47:07.640 DEBUG 3192 --- [main] o.apache.tomcat.util.IntrospectionUtils  : IntrospectionUtils: setProperty(class org.apache.coyote.http11.Http11NioProtocol parseBodyMethods=POST)
2022-05-24 13:47:07.641 DEBUG 3192 --- [main] o.apache.tomcat.util.IntrospectionUtils  : IntrospectionUtils: setProperty(class org.apache.tomcat.util.net.NioEndpoint parseBodyMethods=POST)
2022-05-24 13:47:07.641  INFO 3192 --- [main] o.apache.catalina.core.StandardService   : Starting service [Tomcat]
2022-05-24 13:47:07.641  INFO 3192 --- [main] org.apache.catalina.core.StandardEngine  : Starting Servlet engine: [Apache Tomcat/9.0.63]
2022-05-24 13:47:07.643 DEBUG 3192 --- [main] o.apache.catalina.core.StandardContext   : Starting ROOT
2022-05-24 13:47:07.650 DEBUG 3192 --- [main] o.apache.catalina.core.StandardContext   : Configuring default Resources
2022-05-24 13:47:07.673 DEBUG 3192 --- [main] o.apache.catalina.core.StandardContext   : Processing standard container startup
2022-05-24 13:47:07.673 DEBUG 3192 --- [main] org.apache.catalina.loader.WebappLoader  : Starting this Loader
2022-05-24 13:47:07.717 DEBUG 3192 --- [main] o.a.c.authenticator.AuthenticatorBase    : No SingleSignOn Valve is present
2022-05-24 13:47:07.717 DEBUG 3192 --- [main] o.apache.catalina.core.StandardContext   : No manager found. Checking if cluster manager should be used. Cluster configured: [false], Application distributable: [false]
2022-05-24 13:47:07.720 DEBUG 3192 --- [main] o.apache.catalina.core.StandardContext   : Configured a manager of class [org.apache.catalina.session.StandardManager]
2022-05-24 13:47:07.727  INFO 3192 --- [main] o.a.c.c.C.[Tomcat].[localhost].[/]       : Initializing Spring embedded WebApplicationContext
2022-05-24 13:47:07.727 DEBUG 3192 --- [main] w.s.c.ServletWebServerApplicationContext : Published root WebApplicationContext as ServletContext attribute with name [org.springframework.web.context.WebApplicationContext.ROOT]
2022-05-24 13:47:07.727  INFO 3192 --- [main] w.s.c.ServletWebServerApplicationContext : Root WebApplicationContext: initialization completed in 815 ms
2022-05-24 13:47:07.729 DEBUG 3192 --- [main] o.s.b.f.s.DefaultListableBeanFactory     : Creating shared instance of singleton bean 'requestContextFilter'
2022-05-24 13:47:07.730 DEBUG 3192 --- [main] o.s.b.f.s.DefaultListableBeanFactory     : Creating shared instance of singleton bean 'formContentFilter'
2022-05-24 13:47:07.731 DEBUG 3192 --- [main] o.s.b.f.s.DefaultListableBeanFactory     : Creating shared instance of singleton bean 'org.springframework.boot.autoconfigure.web.servlet.WebMvcAutoConfiguration'
2022-05-24 13:47:07.733 DEBUG 3192 --- [main] o.s.b.f.s.DefaultListableBeanFactory     : Creating shared instance of singleton bean 'characterEncodingFilter'
2022-05-24 13:47:07.737 DEBUG 3192 --- [main] o.s.b.w.s.ServletContextInitializerBeans : Mapping filters: characterEncodingFilter urls=[/*] order=-2147483648, formContentFilter urls=[/*] order=-9900, requestContextFilter urls=[/*] order=-105
2022-05-24 13:47:07.738 DEBUG 3192 --- [main] o.s.b.w.s.ServletContextInitializerBeans : Mapping servlets: dispatcherServlet urls=[/]
2022-05-24 13:47:07.739 DEBUG 3192 --- [main] org.apache.catalina.core.ContainerBase   : Add child StandardWrapper[dispatcherServlet] StandardEngine[Tomcat].StandardHost[localhost].TomcatEmbeddedContext[]
2022-05-24 13:47:07.749 DEBUG 3192 --- [main] o.apache.catalina.core.StandardContext   : Configuring application event listeners
2022-05-24 13:47:07.749 DEBUG 3192 --- [main] o.a.c.c.C.[Tomcat].[localhost].[/]       : Sending application start events
2022-05-24 13:47:07.750 DEBUG 3192 --- [main] o.a.catalina.session.StandardManager     : Start: Loading persisted sessions
2022-05-24 13:47:07.751 DEBUG 3192 --- [main] o.a.catalina.session.StandardManager     : Loading persisted sessions from [SESSIONS.ser]
2022-05-24 13:47:07.751 DEBUG 3192 --- [main] o.a.catalina.session.StandardManager     : No persisted data file found
2022-05-24 13:47:07.751 DEBUG 3192 --- [main] o.a.c.c.C.[Tomcat].[localhost].[/]       : Starting filters
2022-05-24 13:47:07.751 DEBUG 3192 --- [main] o.a.c.c.C.[Tomcat].[localhost].[/]       :  Starting filter 'requestContextFilter'
2022-05-24 13:47:07.753 DEBUG 3192 --- [main] o.s.b.w.s.f.OrderedRequestContextFilter  : Filter 'requestContextFilter' configured for use
2022-05-24 13:47:07.753 DEBUG 3192 --- [main] o.a.c.c.C.[Tomcat].[localhost].[/]       :  Starting filter 'Tomcat WebSocket (JSR356) Filter'
2022-05-24 13:47:07.754 DEBUG 3192 --- [main] o.a.c.c.C.[Tomcat].[localhost].[/]       :  Starting filter 'characterEncodingFilter'
2022-05-24 13:47:07.754 DEBUG 3192 --- [main] s.b.w.s.f.OrderedCharacterEncodingFilter : Filter 'characterEncodingFilter' configured for use
2022-05-24 13:47:07.754 DEBUG 3192 --- [main] o.a.c.c.C.[Tomcat].[localhost].[/]       :  Starting filter 'formContentFilter'
2022-05-24 13:47:07.754 DEBUG 3192 --- [main] o.s.b.w.s.f.OrderedFormContentFilter     : Filter 'formContentFilter' configured for use
2022-05-24 13:47:07.754 DEBUG 3192 --- [main] o.apache.catalina.core.StandardContext   : Starting completed
2022-05-24 13:47:07.756 DEBUG 3192 --- [main] org.apache.catalina.mapper.Mapper        : Registered host [localhost]
2022-05-24 13:47:07.756 DEBUG 3192 --- [main] o.apache.catalina.mapper.MapperListener  : Register Wrapper [dispatcherServlet] in Context [] for service [StandardService[Tomcat]]
2022-05-24 13:47:07.757 DEBUG 3192 --- [main] o.apache.catalina.mapper.MapperListener  : Register Context [] for service [StandardService[Tomcat]]
2022-05-24 13:47:07.757 DEBUG 3192 --- [main] o.apache.catalina.mapper.MapperListener  : Register host [localhost] at domain [null] for service [StandardService[Tomcat]]
2022-05-24 13:47:07.761 DEBUG 3192 --- [main] o.s.b.f.s.DefaultListableBeanFactory     : Creating shared instance of singleton bean 'redisFragmentClusterApplication'
2022-05-24 13:47:07.762 DEBUG 3192 --- [main] o.s.b.f.s.DefaultListableBeanFactory     : Creating shared instance of singleton bean 'redisConfig'
2022-05-24 13:47:07.762 DEBUG 3192 --- [main] o.s.b.f.s.DefaultListableBeanFactory     : Creating shared instance of singleton bean 'redisTestController'
2022-05-24 13:47:07.765 DEBUG 3192 --- [main] o.s.b.f.s.DefaultListableBeanFactory     : Creating shared instance of singleton bean 'stringRedisTemplate'
2022-05-24 13:47:07.765 DEBUG 3192 --- [main] o.s.b.f.s.DefaultListableBeanFactory     : Creating shared instance of singleton bean 'org.springframework.boot.autoconfigure.data.redis.RedisAutoConfiguration'
2022-05-24 13:47:07.765 DEBUG 3192 --- [main] o.s.b.f.s.DefaultListableBeanFactory     : Creating shared instance of singleton bean 'redisConnectionFactory'
2022-05-24 13:47:07.765 DEBUG 3192 --- [main] o.s.b.f.s.DefaultListableBeanFactory     : Creating shared instance of singleton bean 'org.springframework.boot.autoconfigure.data.redis.LettuceConnectionConfiguration'
2022-05-24 13:47:07.766 DEBUG 3192 --- [main] o.s.b.f.s.DefaultListableBeanFactory     : Creating shared instance of singleton bean 'spring.redis-org.springframework.boot.autoconfigure.data.redis.RedisProperties'
2022-05-24 13:47:07.771 DEBUG 3192 --- [main] o.s.b.f.s.DefaultListableBeanFactory     : Autowiring by type from bean name 'org.springframework.boot.autoconfigure.data.redis.LettuceConnectionConfiguration' via constructor to bean named 'spring.redis-org.springframework.boot.autoconfigure.data.redis.RedisProperties'
2022-05-24 13:47:07.772 DEBUG 3192 --- [main] o.s.b.f.s.DefaultListableBeanFactory     : Creating shared instance of singleton bean 'lettuceClientResources'
2022-05-24 13:47:07.774 DEBUG 3192 --- [main] i.n.u.i.logging.InternalLoggerFactory    : Using SLF4J as the default logging framework
2022-05-24 13:47:07.776 DEBUG 3192 --- [main] i.l.c.r.AddressResolverGroupProvider     : Starting without optional netty's non-blocking DNS resolver library
2022-05-24 13:47:07.777 DEBUG 3192 --- [main] i.l.c.resource.DefaultClientResources    : -Dio.netty.eventLoopThreads: 16
2022-05-24 13:47:07.782 DEBUG 3192 --- [main] i.l.c.r.DefaultEventLoopGroupProvider    : Creating executor io.netty.util.concurrent.DefaultEventExecutorGroup
2022-05-24 13:47:07.793 DEBUG 3192 --- [main] i.n.u.internal.InternalThreadLocalMap    : -Dio.netty.threadLocalMap.stringBuilder.initialSize: 1024
2022-05-24 13:47:07.794 DEBUG 3192 --- [main] i.n.u.internal.InternalThreadLocalMap    : -Dio.netty.threadLocalMap.stringBuilder.maxSize: 4096
2022-05-24 13:47:07.796 DEBUG 3192 --- [main] io.netty.util.ResourceLeakDetector       : -Dio.netty.leakDetection.level: simple
2022-05-24 13:47:07.796 DEBUG 3192 --- [main] io.netty.util.ResourceLeakDetector       : -Dio.netty.leakDetection.targetRecords: 4
2022-05-24 13:47:07.798 DEBUG 3192 --- [main] i.n.util.ResourceLeakDetectorFactory     : Loaded default ResourceLeakDetector: io.netty.util.ResourceLeakDetector@68ac9ec5
2022-05-24 13:47:07.801 DEBUG 3192 --- [main] i.n.util.internal.PlatformDependent0     : -Dio.netty.noUnsafe: false
2022-05-24 13:47:07.801 DEBUG 3192 --- [main] i.n.util.internal.PlatformDependent0     : Java version: 16
2022-05-24 13:47:07.802 DEBUG 3192 --- [main] i.n.util.internal.PlatformDependent0     : sun.misc.Unsafe.theUnsafe: available
2022-05-24 13:47:07.803 DEBUG 3192 --- [main] i.n.util.internal.PlatformDependent0     : sun.misc.Unsafe.copyMemory: available
2022-05-24 13:47:07.803 DEBUG 3192 --- [main] i.n.util.internal.PlatformDependent0     : sun.misc.Unsafe.storeFence: available
2022-05-24 13:47:07.803 DEBUG 3192 --- [main] i.n.util.internal.PlatformDependent0     : java.nio.Buffer.address: available
2022-05-24 13:47:07.804 DEBUG 3192 --- [main] i.n.util.internal.PlatformDependent0     : direct buffer constructor: unavailable: Reflective setAccessible(true) disabled
2022-05-24 13:47:07.804 DEBUG 3192 --- [main] i.n.util.internal.PlatformDependent0     : java.nio.Bits.unaligned: available, true
2022-05-24 13:47:07.805 DEBUG 3192 --- [main] i.n.util.internal.PlatformDependent0     : jdk.internal.misc.Unsafe.allocateUninitializedArray(int): unavailable: class io.netty.util.internal.PlatformDependent0$7 cannot access class jdk.internal.misc.Unsafe (in module java.base) because module java.base does not export jdk.internal.misc to unnamed module @5c909414
2022-05-24 13:47:07.805 DEBUG 3192 --- [main] i.n.util.internal.PlatformDependent0     : java.nio.DirectByteBuffer.<init>(long, int): unavailable
2022-05-24 13:47:07.805 DEBUG 3192 --- [main] i.netty.util.internal.PlatformDependent  : sun.misc.Unsafe: available
2022-05-24 13:47:07.806 DEBUG 3192 --- [main] i.netty.util.internal.PlatformDependent  : maxDirectMemory: 4280287232 bytes (maybe)
2022-05-24 13:47:07.806 DEBUG 3192 --- [main] i.netty.util.internal.PlatformDependent  : -Dio.netty.tmpdir: C:\Users\mao\AppData\Local\Temp (java.io.tmpdir)
2022-05-24 13:47:07.806 DEBUG 3192 --- [main] i.netty.util.internal.PlatformDependent  : -Dio.netty.bitMode: 64 (sun.arch.data.model)
2022-05-24 13:47:07.806 DEBUG 3192 --- [main] i.netty.util.internal.PlatformDependent  : Platform: Windows
2022-05-24 13:47:07.807 DEBUG 3192 --- [main] i.netty.util.internal.PlatformDependent  : -Dio.netty.maxDirectMemory: -1 bytes
2022-05-24 13:47:07.807 DEBUG 3192 --- [main] i.netty.util.internal.PlatformDependent  : -Dio.netty.uninitializedArrayAllocationThreshold: -1
2022-05-24 13:47:07.808 DEBUG 3192 --- [main] io.netty.util.internal.CleanerJava9      : java.nio.ByteBuffer.cleaner(): available
2022-05-24 13:47:07.808 DEBUG 3192 --- [main] i.netty.util.internal.PlatformDependent  : -Dio.netty.noPreferDirect: false
2022-05-24 13:47:07.809 DEBUG 3192 --- [main] i.netty.util.internal.PlatformDependent  : org.jctools-core.MpscChunkedArrayQueue: available
2022-05-24 13:47:07.822 DEBUG 3192 --- [main] reactor.util.Loggers                     : Using Slf4j logging framework
2022-05-24 13:47:07.823 DEBUG 3192 --- [main] i.l.core.event.jfr.EventRecorderHolder   : Starting with JFR support
2022-05-24 13:47:07.838 DEBUG 3192 --- [main] i.l.c.resource.DefaultClientResources    : LatencyUtils/HdrUtils are not available, metrics are disabled
2022-05-24 13:47:07.839 DEBUG 3192 --- [main] o.s.b.f.s.DefaultListableBeanFactory     : Autowiring by type from bean name 'redisConnectionFactory' via factory method to bean named 'lettuceClientResources'
2022-05-24 13:47:07.846 DEBUG 3192 --- [main] o.s.b.f.s.DefaultListableBeanFactory     : Creating shared instance of singleton bean 'lettuceClientConfigurationBuilderCustomizer'
2022-05-24 13:47:07.890 DEBUG 3192 --- [main] o.s.s.concurrent.ThreadPoolTaskExecutor  : Initializing ExecutorService
2022-05-24 13:47:07.891 DEBUG 3192 --- [main] o.s.b.f.s.DefaultListableBeanFactory     : Autowiring by type from bean name 'stringRedisTemplate' via factory method to bean named 'redisConnectionFactory'
2022-05-24 13:47:07.912 DEBUG 3192 --- [main] o.s.data.convert.CustomConversions       : Adding converter from class java.lang.String to class [B as writing converter.
2022-05-24 13:47:07.912 DEBUG 3192 --- [main] o.s.data.convert.CustomConversions       : Adding converter from class [B to class java.lang.String as reading converter.
